\BOOKMARK [0][-]{chapter.1}{Procesos}{}% 1
\BOOKMARK [1][-]{section.1.1}{P0.1 Solicitud de cuenta}{chapter.1}% 2
\BOOKMARK [2][-]{subsection.1.1.1}{Resumen}{section.1.1}% 3
\BOOKMARK [2][-]{subsection.1.1.2}{Elementos del proceso}{section.1.1}% 4
\BOOKMARK [2][-]{subsection.1.1.3}{Descripci\363n de Tareas}{section.1.1}% 5
\BOOKMARK [1][-]{section.1.2}{P4.6 Descartar libros }{chapter.1}% 6
\BOOKMARK [2][-]{subsection.1.2.1}{Resumen}{section.1.2}% 7
\BOOKMARK [2][-]{subsection.1.2.2}{Elementos del proceso}{section.1.2}% 8
\BOOKMARK [2][-]{subsection.1.2.3}{Descripci\363n de Tareas}{section.1.2}% 9
\BOOKMARK [0][-]{chapter.2}{Actores del sistema}{}% 10
\BOOKMARK [0][-]{chapter.3}{Glosario de t\351rminos}{}% 11
\BOOKMARK [0][-]{appendix.Alph1}{Condiciones}{}% 12
\BOOKMARK [1][-]{subsection.Alph1.0.1}{C0.1 Alumno en baja }{appendix.Alph1}% 13
\BOOKMARK [0][-]{appendix.Alph2}{Mensajes}{}% 14
\BOOKMARK [1][-]{subsection.Alph2.0.1}{MSJ0.1 Activaci\363n de cuenta }{appendix.Alph2}% 15
\BOOKMARK [2][-]{subsection.Alph2.0.2}{MSJ0.2 Operacion Exitosa }{subsection.Alph2.0.1}% 16
\BOOKMARK [0][-]{appendix.Alph3}{Formularios}{}% 17
\BOOKMARK [1][-]{subsection.Alph3.0.1}{F0.1 Solicitud de Cuenta }{appendix.Alph3}% 18
\BOOKMARK [0][-]{appendix.Alph4}{Documentos}{}% 19
\BOOKMARK [1][-]{subsection.Alph4.0.1}{D0.1 Credencial de Estudiante }{appendix.Alph4}% 20
